<?xml version="1.0" encoding="UTF-8"?>
<testng-results ignored="0" total="1" passed="1" failed="0" skipped="0">
  <reporter-output>
  </reporter-output>
  <suite started-at="2021-10-21T14:51:19 IST" name="Default suite" finished-at="2021-10-21T14:51:59 IST" duration-ms="39795">
    <groups>
    </groups>
    <test started-at="2021-10-21T14:51:19 IST" name="Default test" finished-at="2021-10-21T14:51:59 IST" duration-ms="39795">
      <class name="SwagLab.DemoOnSwagLabUsingTestNG">
        <test-method is-config="true" signature="max()[pri:0, instance:SwagLab.DemoOnSwagLabUsingTestNG@47a86fbb]" started-at="2021-10-21T14:51:19 IST" name="max" finished-at="2021-10-21T14:51:27 IST" duration-ms="8196" status="PASS">
          <reporter-output>
          </reporter-output>
        </test-method> <!-- max -->
        <test-method signature="addElements()[pri:0, instance:SwagLab.DemoOnSwagLabUsingTestNG@47a86fbb]" started-at="2021-10-21T14:51:27 IST" name="addElements" finished-at="2021-10-21T14:51:58 IST" duration-ms="31449" status="PASS">
          <reporter-output>
          </reporter-output>
        </test-method> <!-- addElements -->
        <test-method is-config="true" signature="closeBrowser()[pri:0, instance:SwagLab.DemoOnSwagLabUsingTestNG@47a86fbb]" started-at="2021-10-21T14:51:58 IST" name="closeBrowser" finished-at="2021-10-21T14:51:59 IST" duration-ms="93" status="PASS">
          <reporter-output>
          </reporter-output>
        </test-method> <!-- closeBrowser -->
      </class> <!-- SwagLab.DemoOnSwagLabUsingTestNG -->
    </test> <!-- Default test -->
  </suite> <!-- Default suite -->
</testng-results>
